#
# There is insufficient memory for the Java Runtime Environment to continue.
# Native memory allocation (malloc) failed to allocate 32744 bytes for ChunkPool::allocate
# Possible reasons:
#   The system is out of physical RAM or swap space
#   The process is running with CompressedOops enabled, and the Java Heap may be blocking the growth of the native heap
# Possible solutions:
#   Reduce memory load on the system
#   Increase physical memory or swap space
#   Check if swap backing store is full
#   Decrease Java heap size (-Xmx/-Xms)
#   Decrease number of Java threads
#   Decrease Java thread stack sizes (-Xss)
#   Set larger code cache with -XX:ReservedCodeCacheSize=
#   JVM is running with Unscaled Compressed Oops mode in which the Java heap is
#     placed in the first 4GB address space. The Java Heap base address is the
#     maximum limit for the native heap growth. Please use -XX:HeapBaseMinAddress
#     to set the Java Heap base and to place the Java Heap above 4GB virtual address.
# This output file may be truncated or incomplete.
#
#  Out of Memory Error (./src/hotspot/share/memory/arena.cpp:81), pid=8104, tid=5740
#
# JRE version: OpenJDK Runtime Environment (11.0.12+7) (build 11.0.12+7-b1504.28-7817840)
# Java VM: OpenJDK 64-Bit Server VM (11.0.12+7-b1504.28-7817840, mixed mode, tiered, compressed oops, g1 gc, windows-amd64)
# No core dump will be written. Minidumps are not enabled by default on client versions of Windows
#

---------------  S U M M A R Y ------------

Command Line: --add-opens=java.base/java.util=ALL-UNNAMED --add-opens=java.base/java.lang=ALL-UNNAMED --add-opens=java.base/java.lang.invoke=ALL-UNNAMED --add-opens=java.prefs/java.util.prefs=ALL-UNNAMED -Xmx1536M -Dfile.encoding=windows-1252 -Duser.country=CH -Duser.language=fr -Duser.variant org.gradle.launcher.daemon.bootstrap.GradleDaemon 6.7

Host: Intel(R) Core(TM) i5-4300U CPU @ 1.90GHz, 4 cores, 7G,  Windows 10 , 64 bit Build 19041 (10.0.19041.1889)
Time: Wed Aug 24 18:34:38 2022 Greenwich elapsed time: 146.409300 seconds (0d 0h 2m 26s)

---------------  T H R E A D  ---------------

Current thread (0x00000219d95fc000):  JavaThread "C1 CompilerThread0" daemon [_thread_in_native, id=5740, stack(0x000000776f400000,0x000000776f500000)]


Current CompileTask:
C1: 146409 7731 %     3       sun.nio.cs.SingleByte$Decoder::decodeArrayLoop @ 88 (154 bytes)

Stack: [0x000000776f400000,0x000000776f500000]
Native frames: (J=compiled Java code, j=interpreted, Vv=VM code, C=native code)
V  [jvm.dll+0x5fbcea]
V  [jvm.dll+0x731905]
V  [jvm.dll+0x732f1d]
V  [jvm.dll+0x7335d3]
V  [jvm.dll+0x247bf8]
V  [jvm.dll+0xc041b]
V  [jvm.dll+0xc06cc]
V  [jvm.dll+0x15fc2d]
V  [jvm.dll+0x16680c]
V  [jvm.dll+0x15396e]
V  [jvm.dll+0x13fe00]
V  [jvm.dll+0x1289d0]
V  [jvm.dll+0x128569]
V  [jvm.dll+0x1286d3]
V  [jvm.dll+0x1279e7]
V  [jvm.dll+0x1295b7]
V  [jvm.dll+0x20e0d7]
V  [jvm.dll+0x20c901]
V  [jvm.dll+0x6f9b7f]
V  [jvm.dll+0x6f26a5]
V  [jvm.dll+0x5fabf6]
C  [ucrtbase.dll+0x21bb2]
C  [KERNEL32.DLL+0x17034]
C  [ntdll.dll+0x526a1]


---------------  P R O C E S S  ---------------

Threads class SMR info:
_java_thread_list=0x00000219e0160c30, length=44, elements={
0x00000219c0cde000, 0x00000219d95c9000, 0x00000219d95ca000, 0x00000219d95ea800,
0x00000219d95eb800, 0x00000219d95ec800, 0x00000219d95f4800, 0x00000219d95fc000,
0x00000219d95fd000, 0x00000219da0d9000, 0x00000219da1dc800, 0x00000219da68e800,
0x00000219db1ef000, 0x00000219da81a800, 0x00000219dadd1000, 0x00000219da09e800,
0x00000219da09f800, 0x00000219d9fea800, 0x00000219da70d800, 0x00000219da784000,
0x00000219da780000, 0x00000219da781000, 0x00000219da781800, 0x00000219da782800,
0x00000219da783800, 0x00000219da77e800, 0x00000219da785000, 0x00000219da77f000,
0x00000219dcb38800, 0x00000219dcb39800, 0x00000219dcb36800, 0x00000219dcb3d000,
0x00000219dcb37000, 0x00000219dcb3d800, 0x00000219de5da800, 0x00000219de5db000,
0x00000219de5d9800, 0x00000219de5d7000, 0x00000219de5d8000, 0x00000219de5d6000,
0x00000219de5dc000, 0x00000219de5dc800, 0x00000219de391000, 0x00000219de397000
}

Java Threads: ( => current thread )
  0x00000219c0cde000 JavaThread "main" [_thread_blocked, id=10996, stack(0x000000776e700000,0x000000776e800000)]
  0x00000219d95c9000 JavaThread "Reference Handler" daemon [_thread_blocked, id=4476, stack(0x000000776ee00000,0x000000776ef00000)]
  0x00000219d95ca000 JavaThread "Finalizer" daemon [_thread_blocked, id=3440, stack(0x000000776ef00000,0x000000776f000000)]
  0x00000219d95ea800 JavaThread "Signal Dispatcher" daemon [_thread_blocked, id=7396, stack(0x000000776f000000,0x000000776f100000)]
  0x00000219d95eb800 JavaThread "Attach Listener" daemon [_thread_blocked, id=9208, stack(0x000000776f100000,0x000000776f200000)]
  0x00000219d95ec800 JavaThread "Service Thread" daemon [_thread_blocked, id=11012, stack(0x000000776f200000,0x000000776f300000)]
  0x00000219d95f4800 JavaThread "C2 CompilerThread0" daemon [_thread_blocked, id=7824, stack(0x000000776f300000,0x000000776f400000)]
=>0x00000219d95fc000 JavaThread "C1 CompilerThread0" daemon [_thread_in_native, id=5740, stack(0x000000776f400000,0x000000776f500000)]
  0x00000219d95fd000 JavaThread "Sweeper thread" daemon [_thread_blocked, id=9236, stack(0x000000776f500000,0x000000776f600000)]
  0x00000219da0d9000 JavaThread "Common-Cleaner" daemon [_thread_blocked, id=7080, stack(0x000000776f600000,0x000000776f700000)]
  0x00000219da1dc800 JavaThread "Daemon health stats" [_thread_blocked, id=1436, stack(0x000000776fa00000,0x000000776fb00000)]
  0x00000219da68e800 JavaThread "Incoming local TCP Connector on port 56335" [_thread_in_native, id=11248, stack(0x000000776fd00000,0x000000776fe00000)]
  0x00000219db1ef000 JavaThread "Daemon periodic checks" [_thread_blocked, id=1972, stack(0x000000776fe00000,0x000000776ff00000)]
  0x00000219da81a800 JavaThread "Daemon" [_thread_blocked, id=4560, stack(0x000000776ff00000,0x0000007770000000)]
  0x00000219dadd1000 JavaThread "Handler for socket connection from /127.0.0.1:56335 to /127.0.0.1:56337" [_thread_in_native, id=10924, stack(0x0000007770000000,0x0000007770100000)]
  0x00000219da09e800 JavaThread "Cancel handler" [_thread_blocked, id=7716, stack(0x0000007770100000,0x0000007770200000)]
  0x00000219da09f800 JavaThread "Daemon worker" [_thread_blocked, id=5648, stack(0x0000007770200000,0x0000007770300000)]
  0x00000219d9fea800 JavaThread "Asynchronous log dispatcher for DefaultDaemonConnection: socket connection from /127.0.0.1:56335 to /127.0.0.1:56337" [_thread_blocked, id=5908, stack(0x0000007770300000,0x0000007770400000)]
  0x00000219da70d800 JavaThread "Stdin handler" [_thread_blocked, id=11240, stack(0x0000007770400000,0x0000007770500000)]
  0x00000219da784000 JavaThread "Thread-8" [_thread_blocked, id=4860, stack(0x0000007770500000,0x0000007770600000)]
  0x00000219da780000 JavaThread "Cache worker for file hash cache (C:\Users\hp\.gradle\caches\6.7\fileHashes)" [_thread_blocked, id=3908, stack(0x0000007770700000,0x0000007770800000)]
  0x00000219da781000 JavaThread "File lock request listener" [_thread_in_native, id=5540, stack(0x0000007770800000,0x0000007770900000)]
  0x00000219da781800 JavaThread "Cache worker for journal cache (C:\Users\hp\.gradle\caches\journal-1)" [_thread_blocked, id=10568, stack(0x0000007770900000,0x0000007770a00000)]
  0x00000219da782800 JavaThread "Cache worker for file hash cache (C:\Users\hp\Desktop\XARALA\Semaine 3\MonPorteFeuille\android\.gradle\6.7\fileHashes)" [_thread_blocked, id=9340, stack(0x0000007770a00000,0x0000007770b00000)]
  0x00000219da783800 JavaThread "Cache worker for checksums cache (C:\Users\hp\Desktop\XARALA\Semaine 3\MonPorteFeuille\android\.gradle\checksums)" [_thread_blocked, id=1784, stack(0x0000007770b00000,0x0000007770c00000)]
  0x00000219da77e800 JavaThread "Cache worker for cache directory md-supplier (C:\Users\hp\.gradle\caches\6.7\md-supplier)" [_thread_blocked, id=5408, stack(0x0000007770c00000,0x0000007770d00000)]
  0x00000219da785000 JavaThread "Cache worker for cache directory md-rule (C:\Users\hp\.gradle\caches\6.7\md-rule)" [_thread_blocked, id=9920, stack(0x0000007770d00000,0x0000007770e00000)]
  0x00000219da77f000 JavaThread "Cache worker for execution history cache (C:\Users\hp\.gradle\caches\6.7\executionHistory)" [_thread_blocked, id=6140, stack(0x0000007770e00000,0x0000007770f00000)]
  0x00000219dcb38800 JavaThread "Cache worker for file content cache (C:\Users\hp\.gradle\caches\6.7\fileContent)" [_thread_blocked, id=9024, stack(0x0000007771000000,0x0000007771100000)]
  0x00000219dcb39800 JavaThread "Cache worker for Build Output Cleanup Cache (C:\Users\hp\Desktop\XARALA\Semaine 3\MonPorteFeuille\android\.gradle\buildOutputCleanup)" [_thread_blocked, id=10588, stack(0x0000007771100000,0x0000007771200000)]
  0x00000219dcb36800 JavaThread "Build operations" [_thread_blocked, id=10196, stack(0x0000007771200000,0x0000007771300000)]
  0x00000219dcb3d000 JavaThread "Build operations Thread 2" [_thread_blocked, id=10668, stack(0x0000007771300000,0x0000007771400000)]
  0x00000219dcb37000 JavaThread "Build operations Thread 3" [_thread_blocked, id=5572, stack(0x0000007771400000,0x0000007771500000)]
  0x00000219dcb3d800 JavaThread "Build operations Thread 4" [_thread_blocked, id=10332, stack(0x0000007771500000,0x0000007771600000)]
  0x00000219de5da800 JavaThread "pool-1-thread-1" [_thread_blocked, id=11484, stack(0x000000776e400000,0x000000776e500000)]
  0x00000219de5db000 JavaThread "Memory manager" [_thread_blocked, id=11540, stack(0x000000776e500000,0x000000776e600000)]
  0x00000219de5d9800 JavaThread "build event listener" [_thread_blocked, id=11604, stack(0x000000776e600000,0x000000776e700000)]
  0x00000219de5d7000 JavaThread "Execution worker for ':'" [_thread_blocked, id=11880, stack(0x0000007778900000,0x0000007778a00000)]
  0x00000219de5d8000 JavaThread "Execution worker for ':' Thread 2" [_thread_blocked, id=11884, stack(0x0000007778a00000,0x0000007778b00000)]
  0x00000219de5d6000 JavaThread "Execution worker for ':' Thread 3" [_thread_blocked, id=11888, stack(0x0000007778b00000,0x0000007778c00000)]
  0x00000219de5dc000 JavaThread "Cache worker for execution history cache (C:\Users\hp\Desktop\XARALA\Semaine 3\MonPorteFeuille\android\.gradle\6.7\executionHistory)" [_thread_blocked, id=11896, stack(0x0000007778c00000,0x0000007778d00000)]
  0x00000219de5dc800 JavaThread "Exec process" [_thread_in_native, id=11920, stack(0x0000007778d00000,0x0000007778e00000)]
  0x00000219de391000 JavaThread "Exec process Thread 2" [_thread_in_native, id=11932, stack(0x0000007778e00000,0x0000007778f00000)]
  0x00000219de397000 JavaThread "Exec process Thread 3" [_thread_in_native, id=11936, stack(0x0000007778f00000,0x0000007779000000)]

Other Threads:
  0x00000219d95a4000 VMThread "VM Thread" [stack: 0x000000776ed00000,0x000000776ee00000] [id=6348]
  0x00000219da0e2000 WatcherThread [stack: 0x000000776f700000,0x000000776f800000] [id=5180]
  0x00000219c0cf7800 GCTaskThread "GC Thread#0" [stack: 0x000000776e800000,0x000000776e900000] [id=11216]
  0x00000219da8c4000 GCTaskThread "GC Thread#1" [stack: 0x000000776f800000,0x000000776f900000] [id=4372]
  0x00000219da2bd800 GCTaskThread "GC Thread#2" [stack: 0x000000776f900000,0x000000776fa00000] [id=10480]
  0x00000219db6ca000 GCTaskThread "GC Thread#3" [stack: 0x0000007770600000,0x0000007770700000] [id=8524]
  0x00000219c0d1d800 ConcurrentGCThread "G1 Main Marker" [stack: 0x000000776e900000,0x000000776ea00000] [id=3020]
  0x00000219c0d1f000 ConcurrentGCThread "G1 Conc#0" [stack: 0x000000776ea00000,0x000000776eb00000] [id=9392]
  0x00000219c0da9800 ConcurrentGCThread "G1 Refine#0" [stack: 0x000000776eb00000,0x000000776ec00000] [id=10100]
  0x00000219c0daa800 ConcurrentGCThread "G1 Young RemSet Sampling" [stack: 0x000000776ec00000,0x000000776ed00000] [id=1092]

Threads with active compile tasks:
C1 CompilerThread0 150631 7731 %     3       sun.nio.cs.SingleByte$Decoder::decodeArrayLoop @ 88 (154 bytes)

VM state:not at safepoint (normal execution)

VM Mutex/Monitor currently owned by a thread: None

Heap address: 0x00000000a0000000, size: 1536 MB, Compressed Oops mode: 32-bit
Narrow klass base: 0x0000000000000000, Narrow klass shift: 3
Compressed class space size: 1073741824 Address: 0x0000000100000000

Heap:
 garbage-first heap   total 131072K, used 76555K [0x00000000a0000000, 0x0000000100000000)
  region size 1024K, 13 young (13312K), 5 survivors (5120K)
 Metaspace       used 78116K, capacity 80266K, committed 80512K, reserved 1118208K
  class space    used 10258K, capacity 11017K, committed 11136K, reserved 1048576K
Heap Regions: E=young(eden), S=young(survivor), O=old, HS=humongous(starts), HC=humongous(continues), CS=collection set, F=free, A=archive, TAMS=top-at-mark-start (previous, next)
|   0|0x00000000a0000000, 0x00000000a0100000, 0x00000000a0100000|100%| O|  |TAMS 0x00000000a0100000, 0x00000000a0000000| Untracked 
|   1|0x00000000a0100000, 0x00000000a0200000, 0x00000000a0200000|100%| O|  |TAMS 0x00000000a0200000, 0x00000000a0100000| Untracked 
|   2|0x00000000a0200000, 0x00000000a0300000, 0x00000000a0300000|100%| O|  |TAMS 0x00000000a0300000, 0x00000000a0200000| Untracked 
|   3|0x00000000a0300000, 0x00000000a0400000, 0x00000000a0400000|100%|HS|  |TAMS 0x00000000a0400000, 0x00000000a0300000| Complete 
|   4|0x00000000a0400000, 0x00000000a0500000, 0x00000000a0500000|100%|HC|  |TAMS 0x00000000a0500000, 0x00000000a0400000| Complete 
|   5|0x00000000a0500000, 0x00000000a0600000, 0x00000000a0600000|100%|HC|  |TAMS 0x00000000a0600000, 0x00000000a0500000| Complete 
|   6|0x00000000a0600000, 0x00000000a0700000, 0x00000000a0700000|100%| O|  |TAMS 0x00000000a0700000, 0x00000000a0600000| Untracked 
|   7|0x00000000a0700000, 0x00000000a0800000, 0x00000000a0800000|100%| O|  |TAMS 0x00000000a0800000, 0x00000000a0700000| Untracked 
|   8|0x00000000a0800000, 0x00000000a0900000, 0x00000000a0900000|100%| O|  |TAMS 0x00000000a0900000, 0x00000000a0800000| Untracked 
|   9|0x00000000a0900000, 0x00000000a0a00000, 0x00000000a0a00000|100%| O|  |TAMS 0x00000000a0a00000, 0x00000000a0900000| Untracked 
|  10|0x00000000a0a00000, 0x00000000a0b00000, 0x00000000a0b00000|100%| O|  |TAMS 0x00000000a0b00000, 0x00000000a0a00000| Untracked 
|  11|0x00000000a0b00000, 0x00000000a0c00000, 0x00000000a0c00000|100%| O|  |TAMS 0x00000000a0c00000, 0x00000000a0b00000| Untracked 
|  12|0x00000000a0c00000, 0x00000000a0d00000, 0x00000000a0d00000|100%| O|  |TAMS 0x00000000a0d00000, 0x00000000a0c00000| Untracked 
|  13|0x00000000a0d00000, 0x00000000a0e00000, 0x00000000a0e00000|100%| O|  |TAMS 0x00000000a0e00000, 0x00000000a0d00000| Untracked 
|  14|0x00000000a0e00000, 0x00000000a0f00000, 0x00000000a0f00000|100%| O|  |TAMS 0x00000000a0f00000, 0x00000000a0e00000| Untracked 
|  15|0x00000000a0f00000, 0x00000000a1000000, 0x00000000a1000000|100%| O|  |TAMS 0x00000000a1000000, 0x00000000a0f00000| Untracked 
|  16|0x00000000a1000000, 0x00000000a1100000, 0x00000000a1100000|100%| O|  |TAMS 0x00000000a1100000, 0x00000000a1000000| Untracked 
|  17|0x00000000a1100000, 0x00000000a1200000, 0x00000000a1200000|100%| O|  |TAMS 0x00000000a1200000, 0x00000000a1100000| Untracked 
|  18|0x00000000a1200000, 0x00000000a1300000, 0x00000000a1300000|100%|HS|  |TAMS 0x00000000a1300000, 0x00000000a1200000| Complete 
|  19|0x00000000a1300000, 0x00000000a1400000, 0x00000000a1400000|100%| O|  |TAMS 0x00000000a1400000, 0x00000000a1300000| Untracked 
|  20|0x00000000a1400000, 0x00000000a1500000, 0x00000000a1500000|100%| O|  |TAMS 0x00000000a1500000, 0x00000000a1400000| Untracked 
|  21|0x00000000a1500000, 0x00000000a1600000, 0x00000000a1600000|100%| O|  |TAMS 0x00000000a1600000, 0x00000000a1500000| Untracked 
|  22|0x00000000a1600000, 0x00000000a1700000, 0x00000000a1700000|100%|HS|  |TAMS 0x00000000a1700000, 0x00000000a1600000| Complete 
|  23|0x00000000a1700000, 0x00000000a1800000, 0x00000000a1800000|100%|HS|  |TAMS 0x00000000a1800000, 0x00000000a1700000| Complete 
|  24|0x00000000a1800000, 0x00000000a1900000, 0x00000000a1900000|100%|HC|  |TAMS 0x00000000a1900000, 0x00000000a1800000| Complete 
|  25|0x00000000a1900000, 0x00000000a1a00000, 0x00000000a1a00000|100%|HC|  |TAMS 0x00000000a1a00000, 0x00000000a1900000| Complete 
|  26|0x00000000a1a00000, 0x00000000a1b00000, 0x00000000a1b00000|100%|HS|  |TAMS 0x00000000a1b00000, 0x00000000a1a00000| Complete 
|  27|0x00000000a1b00000, 0x00000000a1c00000, 0x00000000a1c00000|100%|HC|  |TAMS 0x00000000a1c00000, 0x00000000a1b00000| Complete 
|  28|0x00000000a1c00000, 0x00000000a1d00000, 0x00000000a1d00000|100%| O|  |TAMS 0x00000000a1d00000, 0x00000000a1c00000| Untracked 
|  29|0x00000000a1d00000, 0x00000000a1e00000, 0x00000000a1e00000|100%| O|  |TAMS 0x00000000a1e00000, 0x00000000a1d00000| Untracked 
|  30|0x00000000a1e00000, 0x00000000a1f00000, 0x00000000a1f00000|100%| O|  |TAMS 0x00000000a1f00000, 0x00000000a1e00000| Untracked 
|  31|0x00000000a1f00000, 0x00000000a2000000, 0x00000000a2000000|100%| O|  |TAMS 0x00000000a2000000, 0x00000000a1f00000| Untracked 
|  32|0x00000000a2000000, 0x00000000a2100000, 0x00000000a2100000|100%| O|  |TAMS 0x00000000a2100000, 0x00000000a2000000| Untracked 
|  33|0x00000000a2100000, 0x00000000a2200000, 0x00000000a2200000|100%| O|  |TAMS 0x00000000a2200000, 0x00000000a2100000| Untracked 
|  34|0x00000000a2200000, 0x00000000a2300000, 0x00000000a2300000|100%| O|  |TAMS 0x00000000a2300000, 0x00000000a2200000| Untracked 
|  35|0x00000000a2300000, 0x00000000a2400000, 0x00000000a2400000|100%| O|  |TAMS 0x00000000a2400000, 0x00000000a2300000| Untracked 
|  36|0x00000000a2400000, 0x00000000a2500000, 0x00000000a2500000|100%| O|  |TAMS 0x00000000a2500000, 0x00000000a2400000| Untracked 
|  37|0x00000000a2500000, 0x00000000a2600000, 0x00000000a2600000|100%| O|  |TAMS 0x00000000a2600000, 0x00000000a2500000| Untracked 
|  38|0x00000000a2600000, 0x00000000a2700000, 0x00000000a2700000|100%| O|  |TAMS 0x00000000a2700000, 0x00000000a2600000| Untracked 
|  39|0x00000000a2700000, 0x00000000a2800000, 0x00000000a2800000|100%| O|  |TAMS 0x00000000a2800000, 0x00000000a2700000| Untracked 
|  40|0x00000000a2800000, 0x00000000a2900000, 0x00000000a2900000|100%| O|  |TAMS 0x00000000a2900000, 0x00000000a2800000| Untracked 
|  41|0x00000000a2900000, 0x00000000a2a00000, 0x00000000a2a00000|100%| O|  |TAMS 0x00000000a2a00000, 0x00000000a2900000| Untracked 
|  42|0x00000000a2a00000, 0x00000000a2b00000, 0x00000000a2b00000|100%| O|  |TAMS 0x00000000a2b00000, 0x00000000a2a00000| Untracked 
|  43|0x00000000a2b00000, 0x00000000a2c00000, 0x00000000a2c00000|100%| O|  |TAMS 0x00000000a2c00000, 0x00000000a2b00000| Untracked 
|  44|0x00000000a2c00000, 0x00000000a2d00000, 0x00000000a2d00000|100%| O|  |TAMS 0x00000000a2d00000, 0x00000000a2c00000| Untracked 
|  45|0x00000000a2d00000, 0x00000000a2e00000, 0x00000000a2e00000|100%| O|  |TAMS 0x00000000a2e00000, 0x00000000a2d00000| Untracked 
|  46|0x00000000a2e00000, 0x00000000a2f00000, 0x00000000a2f00000|100%| O|  |TAMS 0x00000000a2f00000, 0x00000000a2e00000| Untracked 
|  47|0x00000000a2f00000, 0x00000000a3000000, 0x00000000a3000000|100%| O|  |TAMS 0x00000000a3000000, 0x00000000a2f00000| Untracked 
|  48|0x00000000a3000000, 0x00000000a3100000, 0x00000000a3100000|100%| O|  |TAMS 0x00000000a3100000, 0x00000000a3000000| Untracked 
|  49|0x00000000a3100000, 0x00000000a3200000, 0x00000000a3200000|100%| O|  |TAMS 0x00000000a3200000, 0x00000000a3100000| Untracked 
|  50|0x00000000a3200000, 0x00000000a3300000, 0x00000000a3300000|100%| O|  |TAMS 0x00000000a3300000, 0x00000000a3200000| Untracked 
|  51|0x00000000a3300000, 0x00000000a3400000, 0x00000000a3400000|100%| O|  |TAMS 0x00000000a3400000, 0x00000000a3300000| Untracked 
|  52|0x00000000a3400000, 0x00000000a3500000, 0x00000000a3500000|100%| O|  |TAMS 0x00000000a3500000, 0x00000000a3400000| Untracked 
|  53|0x00000000a3500000, 0x00000000a3600000, 0x00000000a3600000|100%| O|  |TAMS 0x00000000a3600000, 0x00000000a3500000| Untracked 
|  54|0x00000000a3600000, 0x00000000a3700000, 0x00000000a3700000|100%| O|  |TAMS 0x00000000a3700000, 0x00000000a3600000| Untracked 
|  55|0x00000000a3700000, 0x00000000a3800000, 0x00000000a3800000|100%| O|  |TAMS 0x00000000a3800000, 0x00000000a3700000| Untracked 
|  56|0x00000000a3800000, 0x00000000a3900000, 0x00000000a3900000|100%| O|  |TAMS 0x00000000a3900000, 0x00000000a3800000| Untracked 
|  57|0x00000000a3900000, 0x00000000a3a00000, 0x00000000a3a00000|100%| O|  |TAMS 0x00000000a3a00000, 0x00000000a3900000| Untracked 
|  58|0x00000000a3a00000, 0x00000000a3b00000, 0x00000000a3b00000|100%| O|  |TAMS 0x00000000a3b00000, 0x00000000a3a00000| Untracked 
|  59|0x00000000a3b00000, 0x00000000a3c00000, 0x00000000a3c00000|100%| O|  |TAMS 0x00000000a3c00000, 0x00000000a3b00000| Untracked 
|  60|0x00000000a3c00000, 0x00000000a3d00000, 0x00000000a3d00000|100%| O|  |TAMS 0x00000000a3d00000, 0x00000000a3c00000| Untracked 
|  61|0x00000000a3d00000, 0x00000000a3e00000, 0x00000000a3e00000|100%| O|  |TAMS 0x00000000a3e00000, 0x00000000a3d00000| Untracked 
|  62|0x00000000a3e00000, 0x00000000a3ec2e00, 0x00000000a3f00000| 76%| O|  |TAMS 0x00000000a3ec2e00, 0x00000000a3e00000| Untracked 
|  63|0x00000000a3f00000, 0x00000000a3f00000, 0x00000000a4000000|  0%| F|  |TAMS 0x00000000a3f00000, 0x00000000a3f00000| Untracked 
|  64|0x00000000a4000000, 0x00000000a4000000, 0x00000000a4100000|  0%| F|  |TAMS 0x00000000a4000000, 0x00000000a4000000| Untracked 
|  65|0x00000000a4100000, 0x00000000a4100000, 0x00000000a4200000|  0%| F|  |TAMS 0x00000000a4100000, 0x00000000a4100000| Untracked 
|  66|0x00000000a4200000, 0x00000000a4200000, 0x00000000a4300000|  0%| F|  |TAMS 0x00000000a4200000, 0x00000000a4200000| Untracked 
|  67|0x00000000a4300000, 0x00000000a4300000, 0x00000000a4400000|  0%| F|  |TAMS 0x00000000a4300000, 0x00000000a4300000| Untracked 
|  68|0x00000000a4400000, 0x00000000a4400000, 0x00000000a4500000|  0%| F|  |TAMS 0x00000000a4400000, 0x00000000a4400000| Untracked 
|  69|0x00000000a4500000, 0x00000000a4500000, 0x00000000a4600000|  0%| F|  |TAMS 0x00000000a4500000, 0x00000000a4500000| Untracked 
|  70|0x00000000a4600000, 0x00000000a4600000, 0x00000000a4700000|  0%| F|  |TAMS 0x00000000a4600000, 0x00000000a4600000| Untracked 
|  71|0x00000000a4700000, 0x00000000a4700000, 0x00000000a4800000|  0%| F|  |TAMS 0x00000000a4700000, 0x00000000a4700000| Untracked 
|  72|0x00000000a4800000, 0x00000000a4800000, 0x00000000a4900000|  0%| F|  |TAMS 0x00000000a4800000, 0x00000000a4800000| Untracked 
|  73|0x00000000a4900000, 0x00000000a4900000, 0x00000000a4a00000|  0%| F|  |TAMS 0x00000000a4900000, 0x00000000a4900000| Untracked 
|  74|0x00000000a4a00000, 0x00000000a4a00000, 0x00000000a4b00000|  0%| F|  |TAMS 0x00000000a4a00000, 0x00000000a4a00000| Untracked 
|  75|0x00000000a4b00000, 0x00000000a4b00000, 0x00000000a4c00000|  0%| F|  |TAMS 0x00000000a4b00000, 0x00000000a4b00000| Untracked 
|  76|0x00000000a4c00000, 0x00000000a4c00000, 0x00000000a4d00000|  0%| F|  |TAMS 0x00000000a4c00000, 0x00000000a4c00000| Untracked 
|  77|0x00000000a4d00000, 0x00000000a4d00000, 0x00000000a4e00000|  0%| F|  |TAMS 0x00000000a4d00000, 0x00000000a4d00000| Untracked 
|  78|0x00000000a4e00000, 0x00000000a4e00000, 0x00000000a4f00000|  0%| F|  |TAMS 0x00000000a4e00000, 0x00000000a4e00000| Untracked 
|  79|0x00000000a4f00000, 0x00000000a4f00000, 0x00000000a5000000|  0%| F|  |TAMS 0x00000000a4f00000, 0x00000000a4f00000| Untracked 
|  80|0x00000000a5000000, 0x00000000a5000000, 0x00000000a5100000|  0%| F|  |TAMS 0x00000000a5000000, 0x00000000a5000000| Untracked 
|  81|0x00000000a5100000, 0x00000000a5100000, 0x00000000a5200000|  0%| F|  |TAMS 0x00000000a5100000, 0x00000000a5100000| Untracked 
|  82|0x00000000a5200000, 0x00000000a5200000, 0x00000000a5300000|  0%| F|  |TAMS 0x00000000a5200000, 0x00000000a5200000| Untracked 
|  83|0x00000000a5300000, 0x00000000a5400000, 0x00000000a5400000|100%| S|CS|TAMS 0x00000000a5300000, 0x00000000a5300000| Complete 
|  84|0x00000000a5400000, 0x00000000a5500000, 0x00000000a5500000|100%| S|CS|TAMS 0x00000000a5400000, 0x00000000a5400000| Complete 
|  85|0x00000000a5500000, 0x00000000a5600000, 0x00000000a5600000|100%| S|CS|TAMS 0x00000000a5500000, 0x00000000a5500000| Complete 
|  86|0x00000000a5600000, 0x00000000a5700000, 0x00000000a5700000|100%| S|CS|TAMS 0x00000000a5600000, 0x00000000a5600000| Complete 
|  87|0x00000000a5700000, 0x00000000a5700000, 0x00000000a5800000|  0%| F|  |TAMS 0x00000000a5700000, 0x00000000a5700000| Untracked 
|  88|0x00000000a5800000, 0x00000000a5800000, 0x00000000a5900000|  0%| F|  |TAMS 0x00000000a5800000, 0x00000000a5800000| Untracked 
|  89|0x00000000a5900000, 0x00000000a5a00000, 0x00000000a5a00000|100%| S|CS|TAMS 0x00000000a5900000, 0x00000000a5900000| Complete 
|  90|0x00000000a5a00000, 0x00000000a5a00000, 0x00000000a5b00000|  0%| F|  |TAMS 0x00000000a5a00000, 0x00000000a5a00000| Untracked 
|  91|0x00000000a5b00000, 0x00000000a5b00000, 0x00000000a5c00000|  0%| F|  |TAMS 0x00000000a5b00000, 0x00000000a5b00000| Untracked 
|  92|0x00000000a5c00000, 0x00000000a5c00000, 0x00000000a5d00000|  0%| F|  |TAMS 0x00000000a5c00000, 0x00000000a5c00000| Untracked 
|  93|0x00000000a5d00000, 0x00000000a5d00000, 0x00000000a5e00000|  0%| F|  |TAMS 0x00000000a5d00000, 0x00000000a5d00000| Untracked 
|  94|0x00000000a5e00000, 0x00000000a5e00000, 0x00000000a5f00000|  0%| F|  |TAMS 0x00000000a5e00000, 0x00000000a5e00000| Untracked 
|  95|0x00000000a5f00000, 0x00000000a5f00000, 0x00000000a6000000|  0%| F|  |TAMS 0x00000000a5f00000, 0x00000000a5f00000| Untracked 
|  96|0x00000000a6000000, 0x00000000a6000000, 0x00000000a6100000|  0%| F|  |TAMS 0x00000000a6000000, 0x00000000a6000000| Untracked 
|  97|0x00000000a6100000, 0x00000000a6100000, 0x00000000a6200000|  0%| F|  |TAMS 0x00000000a6100000, 0x00000000a6100000| Untracked 
|  98|0x00000000a6200000, 0x00000000a6200000, 0x00000000a6300000|  0%| F|  |TAMS 0x00000000a6200000, 0x00000000a6200000| Untracked 
|  99|0x00000000a6300000, 0x00000000a6300000, 0x00000000a6400000|  0%| F|  |TAMS 0x00000000a6300000, 0x00000000a6300000| Untracked 
| 100|0x00000000a6400000, 0x00000000a6400000, 0x00000000a6500000|  0%| F|  |TAMS 0x00000000a6400000, 0x00000000a6400000| Untracked 
| 101|0x00000000a6500000, 0x00000000a6500000, 0x00000000a6600000|  0%| F|  |TAMS 0x00000000a6500000, 0x00000000a6500000| Untracked 
| 102|0x00000000a6600000, 0x00000000a6600000, 0x00000000a6700000|  0%| F|  |TAMS 0x00000000a6600000, 0x00000000a6600000| Untracked 
| 103|0x00000000a6700000, 0x00000000a6700000, 0x00000000a6800000|  0%| F|  |TAMS 0x00000000a6700000, 0x00000000a6700000| Untracked 
| 104|0x00000000a6800000, 0x00000000a6800000, 0x00000000a6900000|  0%| F|  |TAMS 0x00000000a6800000, 0x00000000a6800000| Untracked 
| 105|0x00000000a6900000, 0x00000000a6900000, 0x00000000a6a00000|  0%| F|  |TAMS 0x00000000a6900000, 0x00000000a6900000| Untracked 
| 106|0x00000000a6a00000, 0x00000000a6a00000, 0x00000000a6b00000|  0%| F|  |TAMS 0x00000000a6a00000, 0x00000000a6a00000| Untracked 
| 107|0x00000000a6b00000, 0x00000000a6b00000, 0x00000000a6c00000|  0%| F|  |TAMS 0x00000000a6b00000, 0x00000000a6b00000| Untracked 
| 108|0x00000000a6c00000, 0x00000000a6c00000, 0x00000000a6d00000|  0%| F|  |TAMS 0x00000000a6c00000, 0x00000000a6c00000| Untracked 
| 109|0x00000000a6d00000, 0x00000000a6d00000, 0x00000000a6e00000|  0%| F|  |TAMS 0x00000000a6d00000, 0x00000000a6d00000| Untracked 
| 110|0x00000000a6e00000, 0x00000000a6e00000, 0x00000000a6f00000|  0%| F|  |TAMS 0x00000000a6e00000, 0x00000000a6e00000| Untracked 
| 111|0x00000000a6f00000, 0x00000000a6f00000, 0x00000000a7000000|  0%| F|  |TAMS 0x00000000a6f00000, 0x00000000a6f00000| Untracked 
| 112|0x00000000a7000000, 0x00000000a7000000, 0x00000000a7100000|  0%| F|  |TAMS 0x00000000a7000000, 0x00000000a7000000| Untracked 
| 113|0x00000000a7100000, 0x00000000a7100000, 0x00000000a7200000|  0%| F|  |TAMS 0x00000000a7100000, 0x00000000a7100000| Untracked 
| 114|0x00000000a7200000, 0x00000000a7200000, 0x00000000a7300000|  0%| F|  |TAMS 0x00000000a7200000, 0x00000000a7200000| Untracked 
| 115|0x00000000a7300000, 0x00000000a7300000, 0x00000000a7400000|  0%| F|  |TAMS 0x00000000a7300000, 0x00000000a7300000| Untracked 
| 116|0x00000000a7400000, 0x00000000a7400000, 0x00000000a7500000|  0%| F|  |TAMS 0x00000000a7400000, 0x00000000a7400000| Untracked 
| 117|0x00000000a7500000, 0x00000000a7500000, 0x00000000a7600000|  0%| F|  |TAMS 0x00000000a7500000, 0x00000000a7500000| Untracked 
| 118|0x00000000a7600000, 0x00000000a7600000, 0x00000000a7700000|  0%| F|  |TAMS 0x00000000a7600000, 0x00000000a7600000| Untracked 
| 119|0x00000000a7700000, 0x00000000a7700000, 0x00000000a7800000|  0%| F|  |TAMS 0x00000000a7700000, 0x00000000a7700000| Untracked 
| 120|0x00000000a7800000, 0x00000000a7884180, 0x00000000a7900000| 51%| E|  |TAMS 0x00000000a7800000, 0x00000000a7800000| Complete 
| 121|0x00000000a7900000, 0x00000000a7a00000, 0x00000000a7a00000|100%| E|CS|TAMS 0x00000000a7900000, 0x00000000a7900000| Complete 
| 122|0x00000000a7a00000, 0x00000000a7b00000, 0x00000000a7b00000|100%| E|CS|TAMS 0x00000000a7a00000, 0x00000000a7a00000| Complete 
| 123|0x00000000a7b00000, 0x00000000a7c00000, 0x00000000a7c00000|100%| E|CS|TAMS 0x00000000a7b00000, 0x00000000a7b00000| Complete 
| 124|0x00000000a7c00000, 0x00000000a7d00000, 0x00000000a7d00000|100%| E|CS|TAMS 0x00000000a7c00000, 0x00000000a7c00000| Complete 
| 125|0x00000000a7d00000, 0x00000000a7e00000, 0x00000000a7e00000|100%| E|CS|TAMS 0x00000000a7d00000, 0x00000000a7d00000| Complete 
| 126|0x00000000a7e00000, 0x00000000a7f00000, 0x00000000a7f00000|100%| E|CS|TAMS 0x00000000a7e00000, 0x00000000a7e00000| Complete 
| 127|0x00000000a7f00000, 0x00000000a8000000, 0x00000000a8000000|100%| E|CS|TAMS 0x00000000a7f00000, 0x00000000a7f00000| Complete 

Card table byte_map: [0x00000219d3af0000,0x00000219d3df0000] _byte_map_base: 0x00000219d35f0000

Marking Bits (Prev, Next): (CMBitMap*) 0x00000219c0d16ba0, (CMBitMap*) 0x00000219c0d16b68
 Prev Bits: [0x00000219d58f0000, 0x00000219d70f0000)
 Next Bits: [0x00000219d40f0000, 0x00000219d58f0000)

Polling page: 0x00000219c04c0000

Metaspace:

Usage:
  Non-class:     67.63 MB capacity,    66.27 MB ( 98%) used,     1.17 MB (  2%) free+waste,   191.44 KB ( <1%) overhead. 
      Class:     10.76 MB capacity,    10.02 MB ( 93%) used,   667.88 KB (  6%) free+waste,    90.94 KB ( <1%) overhead. 
       Both:     78.38 MB capacity,    76.29 MB ( 97%) used,     1.82 MB (  2%) free+waste,   282.38 KB ( <1%) overhead. 

Virtual space:
  Non-class space:       68.00 MB reserved,      67.75 MB (>99%) committed 
      Class space:        1.00 GB reserved,      10.88 MB (  1%) committed 
             Both:        1.07 GB reserved,      78.63 MB (  7%) committed 

Chunk freelists:
   Non-Class:  3.00 KB
       Class:  0 bytes
        Both:  3.00 KB

MaxMetaspaceSize: 17179869184.00 GB
CompressedClassSpaceSize: 1.00 GB
Initial GC threshold: 20.80 MB
Current GC threshold: 130.42 MB
CDS: off

CodeHeap 'non-profiled nmethods': size=120064Kb used=4686Kb max_used=4686Kb free=115378Kb
 bounds [0x00000219cc2b0000, 0x00000219cc750000, 0x00000219d37f0000]
CodeHeap 'profiled nmethods': size=120000Kb used=17270Kb max_used=17270Kb free=102729Kb
 bounds [0x00000219c4d80000, 0x00000219c5e60000, 0x00000219cc2b0000]
CodeHeap 'non-nmethods': size=5696Kb used=2334Kb max_used=2395Kb free=3361Kb
 bounds [0x00000219c47f0000, 0x00000219c4a70000, 0x00000219c4d80000]
 total_blobs=8506 nmethods=7662 adapters=754
 compilation: enabled
              stopped_count=0, restarted_count=0
 full_count=0

Compilation events (20 events):
Event: 142.408 Thread 0x00000219d95fc000 nmethod 7722 0x00000219c5e5af10 code [0x00000219c5e5b0c0, 0x00000219c5e5b1b8]
Event: 142.409 Thread 0x00000219d95fc000 7723       1       java.nio.channels.FileLock::isShared (5 bytes)
Event: 142.409 Thread 0x00000219d95fc000 nmethod 7723 0x00000219cc742b90 code [0x00000219cc742d40, 0x00000219cc742df8]
Event: 142.411 Thread 0x00000219d95fc000 7724       1       org.gradle.launcher.daemon.server.expiry.DaemonExpirationResult::getStatus (5 bytes)
Event: 142.411 Thread 0x00000219d95fc000 nmethod 7724 0x00000219cc742e90 code [0x00000219cc743040, 0x00000219cc7430f8]
Event: 142.415 Thread 0x00000219d95fc000 7725       3       java.util.concurrent.ScheduledThreadPoolExecutor$ScheduledFutureTask::getDelay (16 bytes)
Event: 142.416 Thread 0x00000219d95fc000 nmethod 7725 0x00000219c5e5b290 code [0x00000219c5e5b460, 0x00000219c5e5b5e8]
Event: 145.938 Thread 0x00000219d95fc000 7726       3       org.gradle.internal.serialize.kryo.KryoBackedEncoder::writeSmallInt (11 bytes)
Event: 145.938 Thread 0x00000219d95fc000 nmethod 7726 0x00000219c5e5b690 code [0x00000219c5e5b860, 0x00000219c5e5ba08]
Event: 145.956 Thread 0x00000219d95fc000 7727       3       org.gradle.internal.logging.text.AbstractLineChoppingStyledTextOutput$1::execute (9 bytes)
Event: 145.956 Thread 0x00000219d95fc000 nmethod 7727 0x00000219c5e5bb10 code [0x00000219c5e5bce0, 0x00000219c5e5bee8]
Event: 145.956 Thread 0x00000219d95fc000 7728       3       org.gradle.internal.io.LinePerThreadBufferingOutputStream::getStream (44 bytes)
Event: 145.957 Thread 0x00000219d95fc000 nmethod 7728 0x00000219c5e5bf90 code [0x00000219c5e5c1c0, 0x00000219c5e5c8f8]
Event: 145.958 Thread 0x00000219d95fc000 7729       3       java.io.FilterOutputStream::write (9 bytes)
Event: 145.958 Thread 0x00000219d95fc000 nmethod 7729 0x00000219c5e5cb90 code [0x00000219c5e5cd40, 0x00000219c5e5cf08]
Event: 145.969 Thread 0x00000219d95fc000 7730       3       com.esotericsoftware.kryo.io.Output::writeString (125 bytes)
Event: 145.970 Thread 0x00000219d95fc000 nmethod 7730 0x00000219c5e5d010 code [0x00000219c5e5d240, 0x00000219c5e5d818]
Event: 146.155 Thread 0x00000219d95fc000 7731 %     3       sun.nio.cs.SingleByte$Decoder::decodeArrayLoop @ 88 (154 bytes)
Event: 146.243 Thread 0x00000219d95f4800 7741       4       java.io.PrintStream::ensureOpen (18 bytes)
Event: 146.245 Thread 0x00000219d95f4800 nmethod 7741 0x00000219cc743190 code [0x00000219cc743340, 0x00000219cc743448]

GC Heap History (20 events):
Event: 67.862 GC heap before
{Heap before GC invocations=11 (full 0):
 garbage-first heap   total 131072K, used 98840K [0x00000000a0000000, 0x0000000100000000)
  region size 1024K, 70 young (71680K), 7 survivors (7168K)
 Metaspace       used 50721K, capacity 51917K, committed 52224K, reserved 1095680K
  class space    used 6430K, capacity 6860K, committed 6912K, reserved 1048576K
}
Event: 67.885 GC heap after
{Heap after GC invocations=12 (full 0):
 garbage-first heap   total 131072K, used 41976K [0x00000000a0000000, 0x0000000100000000)
  region size 1024K, 9 young (9216K), 9 survivors (9216K)
 Metaspace       used 50721K, capacity 51917K, committed 52224K, reserved 1095680K
  class space    used 6430K, capacity 6860K, committed 6912K, reserved 1048576K
}
Event: 74.087 GC heap before
{Heap before GC invocations=12 (full 0):
 garbage-first heap   total 131072K, used 97272K [0x00000000a0000000, 0x0000000100000000)
  region size 1024K, 64 young (65536K), 9 survivors (9216K)
 Metaspace       used 56356K, capacity 57615K, committed 57856K, reserved 1099776K
  class space    used 7143K, capacity 7598K, committed 7680K, reserved 1048576K
}
Event: 74.117 GC heap after
{Heap after GC invocations=13 (full 0):
 garbage-first heap   total 131072K, used 46601K [0x00000000a0000000, 0x0000000100000000)
  region size 1024K, 4 young (4096K), 4 survivors (4096K)
 Metaspace       used 56356K, capacity 57615K, committed 57856K, reserved 1099776K
  class space    used 7143K, capacity 7598K, committed 7680K, reserved 1048576K
}
Event: 76.168 GC heap before
{Heap before GC invocations=13 (full 0):
 garbage-first heap   total 131072K, used 61961K [0x00000000a0000000, 0x0000000100000000)
  region size 1024K, 19 young (19456K), 4 survivors (4096K)
 Metaspace       used 58743K, capacity 60059K, committed 60160K, reserved 1101824K
  class space    used 7394K, capacity 7878K, committed 7936K, reserved 1048576K
}
Event: 76.180 GC heap after
{Heap after GC invocations=14 (full 0):
 garbage-first heap   total 131072K, used 46885K [0x00000000a0000000, 0x0000000100000000)
  region size 1024K, 5 young (5120K), 5 survivors (5120K)
 Metaspace       used 58743K, capacity 60059K, committed 60160K, reserved 1101824K
  class space    used 7394K, capacity 7878K, committed 7936K, reserved 1048576K
}
Event: 81.771 GC heap before
{Heap before GC invocations=15 (full 0):
 garbage-first heap   total 131072K, used 89893K [0x00000000a0000000, 0x0000000100000000)
  region size 1024K, 47 young (48128K), 5 survivors (5120K)
 Metaspace       used 62236K, capacity 63592K, committed 63616K, reserved 1103872K
  class space    used 7825K, capacity 8308K, committed 8320K, reserved 1048576K
}
Event: 81.791 GC heap after
{Heap after GC invocations=16 (full 0):
 garbage-first heap   total 131072K, used 49268K [0x00000000a0000000, 0x0000000100000000)
  region size 1024K, 3 young (3072K), 3 survivors (3072K)
 Metaspace       used 62236K, capacity 63592K, committed 63616K, reserved 1103872K
  class space    used 7825K, capacity 8308K, committed 8320K, reserved 1048576K
}
Event: 83.276 GC heap before
{Heap before GC invocations=17 (full 0):
 garbage-first heap   total 131072K, used 93300K [0x00000000a0000000, 0x0000000100000000)
  region size 1024K, 46 young (47104K), 3 survivors (3072K)
 Metaspace       used 63028K, capacity 64502K, committed 64640K, reserved 1105920K
  class space    used 7957K, capacity 8502K, committed 8576K, reserved 1048576K
}
Event: 83.294 GC heap after
{Heap after GC invocations=18 (full 0):
 garbage-first heap   total 131072K, used 53065K [0x00000000a0000000, 0x0000000100000000)
  region size 1024K, 6 young (6144K), 6 survivors (6144K)
 Metaspace       used 63028K, capacity 64502K, committed 64640K, reserved 1105920K
  class space    used 7957K, capacity 8502K, committed 8576K, reserved 1048576K
}
Event: 86.021 GC heap before
{Heap before GC invocations=18 (full 0):
 garbage-first heap   total 131072K, used 97097K [0x00000000a0000000, 0x0000000100000000)
  region size 1024K, 49 young (50176K), 6 survivors (6144K)
 Metaspace       used 65487K, capacity 67253K, committed 67584K, reserved 1107968K
  class space    used 8281K, capacity 8865K, committed 8960K, reserved 1048576K
}
Event: 86.049 GC heap after
{Heap after GC invocations=19 (full 0):
 garbage-first heap   total 131072K, used 56804K [0x00000000a0000000, 0x0000000100000000)
  region size 1024K, 7 young (7168K), 7 survivors (7168K)
 Metaspace       used 65487K, capacity 67253K, committed 67584K, reserved 1107968K
  class space    used 8281K, capacity 8865K, committed 8960K, reserved 1048576K
}
Event: 89.986 GC heap before
{Heap before GC invocations=19 (full 0):
 garbage-first heap   total 131072K, used 99812K [0x00000000a0000000, 0x0000000100000000)
  region size 1024K, 49 young (50176K), 7 survivors (7168K)
 Metaspace       used 69276K, capacity 71071K, committed 71296K, reserved 1112064K
  class space    used 8907K, capacity 9533K, committed 9600K, reserved 1048576K
}
Event: 90.008 GC heap after
{Heap after GC invocations=20 (full 0):
 garbage-first heap   total 131072K, used 60523K [0x00000000a0000000, 0x0000000100000000)
  region size 1024K, 7 young (7168K), 7 survivors (7168K)
 Metaspace       used 69276K, capacity 71071K, committed 71296K, reserved 1112064K
  class space    used 8907K, capacity 9533K, committed 9600K, reserved 1048576K
}
Event: 91.250 GC heap before
{Heap before GC invocations=20 (full 0):
 garbage-first heap   total 131072K, used 102507K [0x00000000a0000000, 0x0000000100000000)
  region size 1024K, 48 young (49152K), 7 survivors (7168K)
 Metaspace       used 70768K, capacity 72694K, committed 72960K, reserved 1112064K
  class space    used 9175K, capacity 9879K, committed 9984K, reserved 1048576K
}
Event: 91.275 GC heap after
{Heap after GC invocations=21 (full 0):
 garbage-first heap   total 131072K, used 64066K [0x00000000a0000000, 0x0000000100000000)
  region size 1024K, 6 young (6144K), 6 survivors (6144K)
 Metaspace       used 70768K, capacity 72694K, committed 72960K, reserved 1112064K
  class space    used 9175K, capacity 9879K, committed 9984K, reserved 1048576K
}
Event: 95.558 GC heap before
{Heap before GC invocations=21 (full 0):
 garbage-first heap   total 131072K, used 104002K [0x00000000a0000000, 0x0000000100000000)
  region size 1024K, 45 young (46080K), 6 survivors (6144K)
 Metaspace       used 74870K, capacity 76876K, committed 77184K, reserved 1116160K
  class space    used 9778K, capacity 10512K, committed 10624K, reserved 1048576K
}
Event: 95.580 GC heap after
{Heap after GC invocations=22 (full 0):
 garbage-first heap   total 131072K, used 66315K [0x00000000a0000000, 0x0000000100000000)
  region size 1024K, 2 young (2048K), 2 survivors (2048K)
 Metaspace       used 74870K, capacity 76876K, committed 77184K, reserved 1116160K
  class space    used 9778K, capacity 10512K, committed 10624K, reserved 1048576K
}
Event: 102.511 GC heap before
{Heap before GC invocations=22 (full 0):
 garbage-first heap   total 131072K, used 105227K [0x00000000a0000000, 0x0000000100000000)
  region size 1024K, 40 young (40960K), 2 survivors (2048K)
 Metaspace       used 77643K, capacity 79756K, committed 79872K, reserved 1118208K
  class space    used 10171K, capacity 10932K, committed 11008K, reserved 1048576K
}
Event: 102.533 GC heap after
{Heap after GC invocations=23 (full 0):
 garbage-first heap   total 131072K, used 69387K [0x00000000a0000000, 0x0000000100000000)
  region size 1024K, 5 young (5120K), 5 survivors (5120K)
 Metaspace       used 77643K, capacity 79756K, committed 79872K, reserved 1118208K
  class space    used 10171K, capacity 10932K, committed 11008K, reserved 1048576K
}

Deoptimization events (20 events):
Event: 101.872 Thread 0x00000219de5d8000 DEOPT PACKING pc=0x00000219cc63ad50 sp=0x0000007778afe080
Event: 101.872 Thread 0x00000219de5d8000 DEOPT UNPACKING pc=0x00000219c483a1af sp=0x0000007778afe018 mode 2
Event: 102.431 Thread 0x00000219dcb39800 Uncommon trap: trap_request=0xffffffc6 fr.pc=0x00000219cc3b522c relative=0x0000000000000ecc
Event: 102.431 Thread 0x00000219dcb39800 Uncommon trap: reason=bimorphic_or_optimized_type_check action=maybe_recompile pc=0x00000219cc3b522c method=java.io.DataOutputStream.writeShort(I)V @ 12 c2
Event: 102.431 Thread 0x00000219dcb39800 DEOPT PACKING pc=0x00000219cc3b522c sp=0x00000077711fe2d0
Event: 102.431 Thread 0x00000219dcb39800 DEOPT UNPACKING pc=0x00000219c483a1af sp=0x00000077711fe2d8 mode 2
Event: 102.466 Thread 0x00000219de5dc000 Uncommon trap: trap_request=0xffffffc6 fr.pc=0x00000219cc3b522c relative=0x0000000000000ecc
Event: 102.466 Thread 0x00000219de5dc000 Uncommon trap: reason=bimorphic_or_optimized_type_check action=maybe_recompile pc=0x00000219cc3b522c method=java.io.DataOutputStream.writeShort(I)V @ 12 c2
Event: 102.466 Thread 0x00000219de5dc000 DEOPT PACKING pc=0x00000219cc3b522c sp=0x0000007778cfdd20
Event: 102.466 Thread 0x00000219de5dc000 DEOPT UNPACKING pc=0x00000219c483a1af sp=0x0000007778cfdd28 mode 2
Event: 102.689 Thread 0x00000219de5d6000 DEOPT PACKING pc=0x00000219c5dfcd94 sp=0x0000007778bfb160
Event: 102.689 Thread 0x00000219de5d6000 DEOPT UNPACKING pc=0x00000219c483a95e sp=0x0000007778bfa520 mode 0
Event: 141.772 Thread 0x00000219dbfe2800 Uncommon trap: trap_request=0xffffff4d fr.pc=0x00000219cc4c5c48 relative=0x00000000000001e8
Event: 141.772 Thread 0x00000219dbfe2800 Uncommon trap: reason=unstable_if action=reinterpret pc=0x00000219cc4c5c48 method=java.util.concurrent.locks.ReentrantLock$Sync.nonfairTryAcquire(I)Z @ 19 c2
Event: 141.772 Thread 0x00000219dbfe2800 DEOPT PACKING pc=0x00000219cc4c5c48 sp=0x0000007772ffeb70
Event: 141.772 Thread 0x00000219dbfe2800 DEOPT UNPACKING pc=0x00000219c483a1af sp=0x0000007772ffe9f0 mode 2
Event: 145.933 Thread 0x00000219de391000 Uncommon trap: trap_request=0xffffff4d fr.pc=0x00000219cc6a5d60 relative=0x00000000000003e0
Event: 145.933 Thread 0x00000219de391000 Uncommon trap: reason=unstable_if action=reinterpret pc=0x00000219cc6a5d60 method=org.gradle.internal.logging.text.AbstractLineChoppingStyledTextOutput$2.execute(Lorg/gradle/internal/logging/text/AbstractLineChoppingStyledTextOutput$StateContext;)V @ 30 c
Event: 145.933 Thread 0x00000219de391000 DEOPT PACKING pc=0x00000219cc6a5d60 sp=0x0000007778efe380
Event: 145.934 Thread 0x00000219de391000 DEOPT UNPACKING pc=0x00000219c483a1af sp=0x0000007778efe208 mode 2

Classes redefined (0 events):
No events

Internal exceptions (20 events):
Event: 102.665 Thread 0x00000219de5d6000 Exception <a 'java/lang/NoSuchMethodError'{0x00000000a7e46578}: 'void java.lang.invoke.DirectMethodHandle$Holder.invokeVirtual(java.lang.Object, java.lang.Object)'> (0x00000000a7e46578) thrown at [./src/hotspot/share/interpreter/linkResolver.cpp, line 773]
Event: 102.774 Thread 0x00000219de5d6000 Exception <a 'java/lang/ClassNotFoundException'{0x00000000a7ddfa60}: org/gradle/process/internal/DefaultExecAction_DecoratedBeanInfo> (0x00000000a7ddfa60) thrown at [./src/hotspot/share/classfile/systemDictionary.cpp, line 231]
Event: 102.777 Thread 0x00000219de5d6000 Exception <a 'java/lang/ClassNotFoundException'{0x00000000a7c045b8}: org/gradle/process/internal/DefaultExecActionBeanInfo> (0x00000000a7c045b8) thrown at [./src/hotspot/share/classfile/systemDictionary.cpp, line 231]
Event: 102.778 Thread 0x00000219de5d6000 Exception <a 'java/lang/ClassNotFoundException'{0x00000000a7c2adf8}: org/gradle/process/internal/DefaultExecHandleBuilderBeanInfo> (0x00000000a7c2adf8) thrown at [./src/hotspot/share/classfile/systemDictionary.cpp, line 231]
Event: 102.780 Thread 0x00000219de5d6000 Exception <a 'java/lang/ClassNotFoundException'{0x00000000a7c519e0}: org/gradle/process/internal/AbstractExecHandleBuilderBeanInfo> (0x00000000a7c519e0) thrown at [./src/hotspot/share/classfile/systemDictionary.cpp, line 231]
Event: 102.781 Thread 0x00000219de5d6000 Exception <a 'java/lang/ClassNotFoundException'{0x00000000a7c78520}: org/gradle/process/internal/DefaultProcessForkOptionsBeanInfo> (0x00000000a7c78520) thrown at [./src/hotspot/share/classfile/systemDictionary.cpp, line 231]
Event: 102.785 Thread 0x00000219de5d6000 Exception <a 'java/lang/ClassNotFoundException'{0x00000000a7c9efa8}: org/gradle/process/internal/DefaultProcessForkOptionsCustomizer> (0x00000000a7c9efa8) thrown at [./src/hotspot/share/classfile/systemDictionary.cpp, line 231]
Event: 102.800 Thread 0x00000219de5d6000 Exception <a 'java/lang/ClassNotFoundException'{0x00000000a7cd1f50}: org/gradle/process/internal/AbstractExecHandleBuilderCustomizer> (0x00000000a7cd1f50) thrown at [./src/hotspot/share/classfile/systemDictionary.cpp, line 231]
Event: 102.803 Thread 0x00000219de5d6000 Exception <a 'java/lang/ClassNotFoundException'{0x00000000a7b0ab60}: org/gradle/process/internal/DefaultExecHandleBuilderCustomizer> (0x00000000a7b0ab60) thrown at [./src/hotspot/share/classfile/systemDictionary.cpp, line 231]
Event: 102.811 Thread 0x00000219de5d6000 Exception <a 'java/lang/ClassNotFoundException'{0x00000000a7b5c048}: org/gradle/process/internal/DefaultExecActionCustomizer> (0x00000000a7b5c048) thrown at [./src/hotspot/share/classfile/systemDictionary.cpp, line 231]
Event: 102.815 Thread 0x00000219de5d6000 Exception <a 'java/lang/ClassNotFoundException'{0x00000000a7b8c910}: org/gradle/process/internal/DefaultExecAction_DecoratedCustomizer> (0x00000000a7b8c910) thrown at [./src/hotspot/share/classfile/systemDictionary.cpp, line 231]
Event: 102.820 Thread 0x00000219de5d6000 Exception <a 'java/lang/ClassNotFoundException'{0x00000000a7bd5268}: org/gradle/api/logging/LogLevelBeanInfo> (0x00000000a7bd5268) thrown at [./src/hotspot/share/classfile/systemDictionary.cpp, line 231]
Event: 102.821 Thread 0x00000219de5d6000 Exception <a 'java/lang/ClassNotFoundException'{0x00000000a7bf4b20}: org/gradle/api/logging/LogLevelCustomizer> (0x00000000a7bf4b20) thrown at [./src/hotspot/share/classfile/systemDictionary.cpp, line 231]
Event: 102.830 Thread 0x00000219de5d6000 Exception <a 'java/lang/ClassNotFoundException'{0x00000000a7a4a5e8}: org/gradle/internal/logging/compatbridge/LoggingManagerInternalCompatibilityBridgeBeanInfo> (0x00000000a7a4a5e8) thrown at [./src/hotspot/share/classfile/systemDictionary.cpp, line 231]
Event: 102.831 Thread 0x00000219de5d6000 Exception <a 'java/lang/ClassNotFoundException'{0x00000000a7a780c8}: org/gradle/internal/logging/compatbridge/LoggingManagerInternalCompatibilityBridgeCustomizer> (0x00000000a7a780c8) thrown at [./src/hotspot/share/classfile/systemDictionary.cpp, line 231]
Event: 102.971 Thread 0x00000219de5dc800 Exception <a 'java/lang/NoSuchMethodError'{0x00000000a7aeeb00}: 'void java.lang.invoke.DirectMethodHandle$Holder.invokeStatic(java.lang.Object, long)'> (0x00000000a7aeeb00) thrown at [./src/hotspot/share/interpreter/linkResolver.cpp, line 773]
Event: 102.972 Thread 0x00000219de5dc800 Exception <a 'java/lang/NoSuchMethodError'{0x00000000a7af3f78}: 'java.lang.Object java.lang.invoke.DirectMethodHandle$Holder.invokeStatic(java.lang.Object, long)'> (0x00000000a7af3f78) thrown at [./src/hotspot/share/interpreter/linkResolver.cpp, line 773]
Event: 102.976 Thread 0x00000219de5dc800 Exception <a 'java/lang/NoSuchMethodError'{0x00000000a7902658}: 'java.lang.Object java.lang.invoke.DirectMethodHandle$Holder.invokeStaticInit(java.lang.Object, java.lang.Object, long, java.lang.Object)'> (0x00000000a7902658) thrown at [./src/hotspot/share/interpreter/linkResolver.cpp, line 773]
Event: 102.976 Thread 0x00000219de5dc800 Exception <a 'java/lang/NoSuchMethodError'{0x00000000a7908548}: 'java.lang.Object java.lang.invoke.DirectMethodHandle$Holder.invokeStatic(java.lang.Object, java.lang.Object, long)'> (0x00000000a7908548) thrown at [./src/hotspot/share/interpreter/linkResolver.cpp, line 773]
Event: 102.977 Thread 0x00000219de5dc800 Exception <a 'java/lang/NoSuchMethodError'{0x00000000a790e818}: 'java.lang.Object java.lang.invoke.Invokers$Holder.linkToTargetMethod(java.lang.Object, long, java.lang.Object)'> (0x00000000a790e818) thrown at [./src/hotspot/share/interpreter/linkResolver.cpp, line 773]

Events (20 events):
Event: 141.795 Thread 0x00000219db215800 Thread exited: 0x00000219db215800
Event: 141.795 Thread 0x00000219db211800 Thread exited: 0x00000219db211800
Event: 141.795 Thread 0x00000219db213000 Thread exited: 0x00000219db213000
Event: 141.796 Thread 0x00000219db218800 Thread exited: 0x00000219db218800
Event: 141.796 Thread 0x00000219db21b000 Thread exited: 0x00000219db21b000
Event: 141.796 Thread 0x00000219db21c000 Thread exited: 0x00000219db21c000
Event: 141.797 Thread 0x00000219dc901000 Thread exited: 0x00000219dc901000
Event: 141.797 Thread 0x00000219dc909800 Thread exited: 0x00000219dc909800
Event: 141.797 Thread 0x00000219dc90d800 Thread exited: 0x00000219dc90d800
Event: 141.797 Thread 0x00000219dc90c800 Thread exited: 0x00000219dc90c800
Event: 141.798 Thread 0x00000219db78c000 Thread exited: 0x00000219db78c000
Event: 141.798 Thread 0x00000219db78b000 Thread exited: 0x00000219db78b000
Event: 141.799 Thread 0x00000219db78c800 Thread exited: 0x00000219db78c800
Event: 141.799 Thread 0x00000219db78d800 Thread exited: 0x00000219db78d800
Event: 141.799 Thread 0x00000219db789800 Thread exited: 0x00000219db789800
Event: 141.800 Thread 0x00000219db791000 Thread exited: 0x00000219db791000
Event: 141.800 Thread 0x00000219dac8c000 Thread exited: 0x00000219dac8c000
Event: 141.800 Thread 0x00000219dac8b000 Thread exited: 0x00000219dac8b000
Event: 141.804 Thread 0x00000219dac92800 Thread exited: 0x00000219dac92800
Event: 141.991 Thread 0x00000219dc902800 Thread exited: 0x00000219dc902800


Dynamic libraries:
0x00007ff6e4810000 - 0x00007ff6e481a000 	C:\Program Files\Android\android-studio\jre\bin\java.exe
0x00007fff89ff0000 - 0x00007fff8a1e8000 	C:\WINDOWS\SYSTEM32\ntdll.dll
0x00007fff89530000 - 0x00007fff895ed000 	C:\WINDOWS\System32\KERNEL32.DLL
0x00007fff87a30000 - 0x00007fff87cfe000 	C:\WINDOWS\System32\KERNELBASE.dll
0x00007fff87740000 - 0x00007fff87840000 	C:\WINDOWS\System32\ucrtbase.dll
0x00007fff60fa0000 - 0x00007fff60fb9000 	C:\Program Files\Android\android-studio\jre\bin\jli.dll
0x00007fff89330000 - 0x00007fff894d0000 	C:\WINDOWS\System32\USER32.dll
0x00007fff88020000 - 0x00007fff88042000 	C:\WINDOWS\System32\win32u.dll
0x00007fff88590000 - 0x00007fff885ba000 	C:\WINDOWS\System32\GDI32.dll
0x00007fff5ef20000 - 0x00007fff5ef37000 	C:\Program Files\Android\android-studio\jre\bin\VCRUNTIME140.dll
0x00007fff87e60000 - 0x00007fff87f6b000 	C:\WINDOWS\System32\gdi32full.dll
0x00007fff87d50000 - 0x00007fff87ded000 	C:\WINDOWS\System32\msvcp_win.dll
0x00007fff73120000 - 0x00007fff733ba000 	C:\WINDOWS\WinSxS\amd64_microsoft.windows.common-controls_6595b64144ccf1df_6.0.19041.1110_none_60b5254171f9507e\COMCTL32.dll
0x00007fff897f0000 - 0x00007fff8988e000 	C:\WINDOWS\System32\msvcrt.dll
0x00007fff89a80000 - 0x00007fff89ab0000 	C:\WINDOWS\System32\IMM32.DLL
0x00007fff49bd0000 - 0x00007fff49c6d000 	C:\Program Files\Android\android-studio\jre\bin\msvcp140.dll
0x00007fff2ca70000 - 0x00007fff2d555000 	C:\Program Files\Android\android-studio\jre\bin\server\jvm.dll
0x00007fff896c0000 - 0x00007fff8976e000 	C:\WINDOWS\System32\ADVAPI32.dll
0x00007fff89950000 - 0x00007fff899ec000 	C:\WINDOWS\System32\sechost.dll
0x00007fff88050000 - 0x00007fff88175000 	C:\WINDOWS\System32\RPCRT4.dll
0x00007fff89cc0000 - 0x00007fff89cc8000 	C:\WINDOWS\System32\PSAPI.DLL
0x00007fff76710000 - 0x00007fff76719000 	C:\WINDOWS\SYSTEM32\WSOCK32.dll
0x00007fff89ed0000 - 0x00007fff89f3b000 	C:\WINDOWS\System32\WS2_32.dll
0x00007fff72f40000 - 0x00007fff72f67000 	C:\WINDOWS\SYSTEM32\WINMM.dll
0x00007fff79a30000 - 0x00007fff79a3a000 	C:\WINDOWS\SYSTEM32\VERSION.dll
0x00007fff85670000 - 0x00007fff85682000 	C:\WINDOWS\SYSTEM32\kernel.appcore.dll
0x00007fff5dda0000 - 0x00007fff5ddb1000 	C:\Program Files\Android\android-studio\jre\bin\verify.dll
0x00007fff73bf0000 - 0x00007fff73dd4000 	C:\WINDOWS\SYSTEM32\DBGHELP.DLL
0x00007fff73bc0000 - 0x00007fff73bec000 	C:\WINDOWS\SYSTEM32\dbgcore.DLL
0x00007fff879a0000 - 0x00007fff87a22000 	C:\WINDOWS\System32\bcryptPrimitives.dll
0x00007fff5b5b0000 - 0x00007fff5b5d9000 	C:\Program Files\Android\android-studio\jre\bin\java.dll
0x00007fff64cb0000 - 0x00007fff64cbb000 	C:\Program Files\Android\android-studio\jre\bin\jimage.dll
0x00007fff5a830000 - 0x00007fff5a848000 	C:\Program Files\Android\android-studio\jre\bin\zip.dll
0x00007fff885c0000 - 0x00007fff88d03000 	C:\WINDOWS\System32\SHELL32.dll
0x00007fff85800000 - 0x00007fff85f95000 	C:\WINDOWS\SYSTEM32\windows.storage.dll
0x00007fff88230000 - 0x00007fff88584000 	C:\WINDOWS\System32\combase.dll
0x00007fff87170000 - 0x00007fff871a0000 	C:\WINDOWS\SYSTEM32\Wldp.dll
0x00007fff898a0000 - 0x00007fff8994d000 	C:\WINDOWS\System32\SHCORE.dll
0x00007fff894d0000 - 0x00007fff89525000 	C:\WINDOWS\System32\shlwapi.dll
0x00007fff87650000 - 0x00007fff8766f000 	C:\WINDOWS\SYSTEM32\profapi.dll
0x00007fff5a810000 - 0x00007fff5a82a000 	C:\Program Files\Android\android-studio\jre\bin\net.dll
0x00007fff7fa40000 - 0x00007fff7fb4a000 	C:\WINDOWS\SYSTEM32\WINHTTP.dll
0x00007fff86ed0000 - 0x00007fff86f3a000 	C:\WINDOWS\system32\mswsock.dll
0x00007fff59d20000 - 0x00007fff59d34000 	C:\Program Files\Android\android-studio\jre\bin\nio.dll
0x00007fff59cf0000 - 0x00007fff59d16000 	C:\Users\hp\.gradle\native\fdc75f09e3144964f2cf3f50f0aa648679c211496f362492102eb8c894070792\windows-amd64\native-platform.dll
0x00007fff38d90000 - 0x00007fff38f21000 	C:\Users\hp\.gradle\native\12488b8bf47d2d4c9fbf2f6322a914ad602e24e48041cd04a747c6da556b65c4\windows-amd64\native-platform-file-events.dll
0x00007fff61700000 - 0x00007fff6170a000 	C:\Program Files\Android\android-studio\jre\bin\management.dll
0x00007fff60a30000 - 0x00007fff60a3d000 	C:\Program Files\Android\android-studio\jre\bin\management_ext.dll
0x00007fff870c0000 - 0x00007fff870d8000 	C:\WINDOWS\SYSTEM32\CRYPTSP.dll
0x00007fff867e0000 - 0x00007fff86814000 	C:\WINDOWS\system32\rsaenh.dll
0x00007fff87710000 - 0x00007fff87737000 	C:\WINDOWS\System32\bcrypt.dll
0x00007fff87610000 - 0x00007fff8763e000 	C:\WINDOWS\SYSTEM32\USERENV.dll
0x00007fff870e0000 - 0x00007fff870ec000 	C:\WINDOWS\SYSTEM32\CRYPTBASE.dll
0x00007fff86b70000 - 0x00007fff86bab000 	C:\WINDOWS\SYSTEM32\IPHLPAPI.DLL
0x00007fff89f40000 - 0x00007fff89f48000 	C:\WINDOWS\System32\NSI.dll
0x00007fff7f950000 - 0x00007fff7f967000 	C:\WINDOWS\SYSTEM32\dhcpcsvc6.DLL
0x00007fff7fb60000 - 0x00007fff7fb7d000 	C:\WINDOWS\SYSTEM32\dhcpcsvc.DLL
0x00007fff86bc0000 - 0x00007fff86c8a000 	C:\WINDOWS\SYSTEM32\DNSAPI.dll
0x00007fff7fea0000 - 0x00007fff7feab000 	C:\WINDOWS\SYSTEM32\WINNSI.DLL

dbghelp: loaded successfully - version: 4.0.5 - missing functions: none
symbol engine: initialized successfully - sym options: 0x614 - pdb path: .;C:\Program Files\Android\android-studio\jre\bin;C:\WINDOWS\SYSTEM32;C:\WINDOWS\WinSxS\amd64_microsoft.windows.common-controls_6595b64144ccf1df_6.0.19041.1110_none_60b5254171f9507e;C:\Program Files\Android\android-studio\jre\bin\server;C:\Users\hp\.gradle\native\fdc75f09e3144964f2cf3f50f0aa648679c211496f362492102eb8c894070792\windows-amd64;C:\Users\hp\.gradle\native\12488b8bf47d2d4c9fbf2f6322a914ad602e24e48041cd04a747c6da556b65c4\windows-amd64

VM Arguments:
jvm_args: --add-opens=java.base/java.util=ALL-UNNAMED --add-opens=java.base/java.lang=ALL-UNNAMED --add-opens=java.base/java.lang.invoke=ALL-UNNAMED --add-opens=java.prefs/java.util.prefs=ALL-UNNAMED -Xmx1536M -Dfile.encoding=windows-1252 -Duser.country=CH -Duser.language=fr -Duser.variant 
java_command: org.gradle.launcher.daemon.bootstrap.GradleDaemon 6.7
java_class_path (initial): C:\Users\hp\.gradle\wrapper\dists\gradle-6.7-all\cuy9mc7upwgwgeb72wkcrupxe\gradle-6.7\lib\gradle-launcher-6.7.jar
Launcher Type: SUN_STANDARD

[Global flags]
     intx CICompilerCount                          = 3                                         {product} {ergonomic}
     uint ConcGCThreads                            = 1                                         {product} {ergonomic}
     uint G1ConcRefinementThreads                  = 4                                         {product} {ergonomic}
   size_t G1HeapRegionSize                         = 1048576                                   {product} {ergonomic}
    uintx GCDrainStackTargetSize                   = 64                                        {product} {ergonomic}
   size_t InitialHeapSize                          = 134217728                                 {product} {ergonomic}
   size_t MarkStackSize                            = 4194304                                   {product} {ergonomic}
   size_t MaxHeapSize                              = 1610612736                                {product} {command line}
   size_t MaxNewSize                               = 965738496                                 {product} {ergonomic}
   size_t MinHeapDeltaBytes                        = 1048576                                   {product} {ergonomic}
    uintx NonNMethodCodeHeapSize                   = 5830732                                {pd product} {ergonomic}
    uintx NonProfiledCodeHeapSize                  = 122913754                              {pd product} {ergonomic}
    uintx ProfiledCodeHeapSize                     = 122913754                              {pd product} {ergonomic}
    uintx ReservedCodeCacheSize                    = 251658240                              {pd product} {ergonomic}
     bool SegmentedCodeCache                       = true                                      {product} {ergonomic}
     bool UseCompressedClassPointers               = true                                 {lp64_product} {ergonomic}
     bool UseCompressedOops                        = true                                 {lp64_product} {ergonomic}
     bool UseG1GC                                  = true                                      {product} {ergonomic}
     bool UseLargePagesIndividualAllocation        = false                                  {pd product} {ergonomic}

Logging:
Log output configuration:
 #0: stdout all=warning uptime,level,tags
 #1: stderr all=off uptime,level,tags

Environment Variables:
JAVA_HOME=C:\Program Files\Android\android-studio\jre
CLASSPATH=C:\Users\hp\Desktop\XARALA\Semaine 3\MonPorteFeuille\android\\gradle\wrapper\gradle-wrapper.jar
PATH=C:\Program Files\Microsoft\jdk-11.0.12.7-hotspot\bin;C:\Program Files (x86)\Common Files\Oracle\Java\javapath;C:\Program Files\Java\jdk1.8.0_261\bin;C:\ProgramData\chocolatey\bin;C:\Users\hp\Documents\NetBeansProjects;C:\Program Files\nodejs;C:\Program Files\Microsoft SQL Server\150\Tools\Binn\;C:\Program Files\nodejs\;C:\src\flutter\bin;C:\Windows\System32;C:\src\flutter\bin;C:\Program Files\dotnet\;C:\Program Files (x86)\IncrediBuild;C:\Program Files\Git\cmd;C:\ProgramData\Microsoft\Windows\Start Menu\Programs\PowerShell;C:\WINDOWS\System32\WindowsPowerShell\v1.0\;Bureau;C:\Windows\System32;FIREBASE\Projet\app1\.android\;C:\Users\hp\.dotnet\tools;C:\Users\hp\Desktop\platform-tools_r33.0.2-windows\platform-tools;C:\flutter;C:\Users\hp\AppData\Local\Programs\Microsoft VS Code\bin;C:\src\flutter\bin\mingit\cmd
USERNAME=hp
LANG=fr_FR.UTF-8
OS=Windows_NT
PROCESSOR_IDENTIFIER=Intel64 Family 6 Model 69 Stepping 1, GenuineIntel



---------------  S Y S T E M  ---------------

OS: Windows 10 , 64 bit Build 19041 (10.0.19041.1889)
OS uptime: 0 days 22:19 hours

CPU:total 4 (initial active 4) (2 cores per cpu, 2 threads per core) family 6 model 69 stepping 1 microcode 0x25, cmov, cx8, fxsr, mmx, sse, sse2, sse3, ssse3, sse4.1, sse4.2, popcnt, avx, avx2, aes, clmul, erms, lzcnt, ht, tsc, tscinvbit, bmi1, bmi2, fma

Memory: 4k page, system-wide physical 8089M (277M free)
TotalPageFile size 13675M (AvailPageFile size 0M)
current process WorkingSet (physical memory assigned to process): 315M, peak: 355M
current process commit charge ("private bytes"): 347M, peak: 392M

vm_info: OpenJDK 64-Bit Server VM (11.0.12+7-b1504.28-7817840) for windows-amd64 JRE (11.0.12+7-b1504.28-7817840), built on Oct 13 2021 22:12:33 by "builder" with MS VC++ 14.0 (VS2015)

END.
